2022-07-31 00:03:52.013  INFO 4304 --- [restartedMain] c.b.e.EmployeePayrollAppApplication      : Starting EmployeePayrollAppApplication using Java 11.0.10 on LAPTOP-3PCP8SDM with PID 4304 (N:\! daily class CFP\2. Spring intro\EmployeePayrollApp\target\classes started by nk400 in N:\! daily class CFP\2. Spring intro\EmployeePayrollApp)
2022-07-31 00:03:52.041 DEBUG 4304 --- [restartedMain] c.b.e.EmployeePayrollAppApplication      : Running with Spring Boot v2.7.2, Spring v5.3.22
2022-07-31 00:03:52.043  INFO 4304 --- [restartedMain] c.b.e.EmployeePayrollAppApplication      : The following 1 profile is active: "dev"
2022-07-31 00:03:56.228  WARN 4304 --- [restartedMain] JpaBaseConfiguration$JpaWebConfiguration : spring.jpa.open-in-view is enabled by default. Therefore, database queries may be performed during view rendering. Explicitly configure spring.jpa.open-in-view to disable this warning
2022-07-31 00:03:56.832  INFO 4304 --- [restartedMain] c.b.e.EmployeePayrollAppApplication      : Started EmployeePayrollAppApplication in 5.48 seconds (JVM running for 7.284)
2022-07-31 00:03:56.837  INFO 4304 --- [restartedMain] c.b.e.EmployeePayrollAppApplication      : Employee Payroll Application Started in dev Environment
2022-07-31 00:03:56.839  INFO 4304 --- [restartedMain] c.b.e.EmployeePayrollAppApplication      : Employee Payroll DB User is root
2022-07-31 00:05:07.911  WARN 4304 --- [http-nio-8080-exec-5] .w.s.m.s.DefaultHandlerExceptionResolver : Resolved [org.springframework.http.converter.HttpMessageNotReadableException: JSON parse error: Unrecognized token 'male': was expecting (JSON String, Number, Array, Object or token 'null', 'true' or 'false'); nested exception is com.fasterxml.jackson.core.JsonParseException: Unrecognized token 'male': was expecting (JSON String, Number, Array, Object or token 'null', 'true' or 'false')<EOL> at [Source: (org.springframework.util.StreamUtils$NonClosingInputStream); line: 4, column: 20]]
2022-07-31 00:05:21.726 DEBUG 4304 --- [http-nio-8080-exec-4] c.b.e.c.EmployeePayrollController        : Employee DTO:EmployeePayrollDTO(name=Aaauu, salary=999, gender=male, startDate=2019-07-29, note=All in one, profilePic=../assets/profile-images/Ellipse -3.png, departments=[ss, es])
2022-07-31 11:30:58.046  INFO 5204 --- [restartedMain] c.b.e.EmployeePayrollAppApplication      : Starting EmployeePayrollAppApplication using Java 11.0.10 on LAPTOP-3PCP8SDM with PID 5204 (N:\! daily class CFP\2. Spring intro\EmployeePayrollApp\target\classes started by nk400 in N:\! daily class CFP\2. Spring intro\EmployeePayrollApp)
2022-07-31 11:30:58.105 DEBUG 5204 --- [restartedMain] c.b.e.EmployeePayrollAppApplication      : Running with Spring Boot v2.7.2, Spring v5.3.22
2022-07-31 11:30:58.106  INFO 5204 --- [restartedMain] c.b.e.EmployeePayrollAppApplication      : The following 1 profile is active: "dev"
2022-07-31 11:31:01.724  WARN 5204 --- [restartedMain] JpaBaseConfiguration$JpaWebConfiguration : spring.jpa.open-in-view is enabled by default. Therefore, database queries may be performed during view rendering. Explicitly configure spring.jpa.open-in-view to disable this warning
2022-07-31 11:31:02.223  INFO 5204 --- [restartedMain] c.b.e.EmployeePayrollAppApplication      : Started EmployeePayrollAppApplication in 4.877 seconds (JVM running for 7.456)
2022-07-31 11:31:02.227  INFO 5204 --- [restartedMain] c.b.e.EmployeePayrollAppApplication      : Employee Payroll Application Started in dev Environment
2022-07-31 11:31:02.229  INFO 5204 --- [restartedMain] c.b.e.EmployeePayrollAppApplication      : Employee Payroll DB User is root
2022-07-31 11:32:19.565 DEBUG 5204 --- [http-nio-8080-exec-2] c.b.e.c.EmployeePayrollController        : Employee DTO:EmployeePayrollDTO(name=Aaauu, salary=999, gender=male, startDate=2019-07-29, note=All in one, profilePic=../assets/profile-images/Ellipse -3.png, departments=[ss, es])
2022-07-31 11:37:19.963  INFO 8936 --- [restartedMain] c.b.e.EmployeePayrollAppApplication      : Starting EmployeePayrollAppApplication using Java 11.0.10 on LAPTOP-3PCP8SDM with PID 8936 (N:\! daily class CFP\2. Spring intro\EmployeePayrollApp\target\classes started by nk400 in N:\! daily class CFP\2. Spring intro\EmployeePayrollApp)
2022-07-31 11:37:19.968 DEBUG 8936 --- [restartedMain] c.b.e.EmployeePayrollAppApplication      : Running with Spring Boot v2.7.2, Spring v5.3.22
2022-07-31 11:37:19.970  INFO 8936 --- [restartedMain] c.b.e.EmployeePayrollAppApplication      : The following 1 profile is active: "dev"
2022-07-31 11:37:25.683  WARN 8936 --- [restartedMain] JpaBaseConfiguration$JpaWebConfiguration : spring.jpa.open-in-view is enabled by default. Therefore, database queries may be performed during view rendering. Explicitly configure spring.jpa.open-in-view to disable this warning
2022-07-31 11:37:26.544  INFO 8936 --- [restartedMain] c.b.e.EmployeePayrollAppApplication      : Started EmployeePayrollAppApplication in 9.398 seconds (JVM running for 13.033)
2022-07-31 11:37:26.550  INFO 8936 --- [restartedMain] c.b.e.EmployeePayrollAppApplication      : Employee Payroll Application Started in dev Environment
2022-07-31 11:37:26.553  INFO 8936 --- [restartedMain] c.b.e.EmployeePayrollAppApplication      : Employee Payroll DB User is root
2022-07-31 11:37:51.447  WARN 8936 --- [http-nio-8080-exec-1] .w.s.m.s.DefaultHandlerExceptionResolver : Resolved [org.springframework.web.HttpRequestMethodNotSupportedException: Request method 'PUT' not supported]
2022-07-31 11:38:00.599 DEBUG 8936 --- [http-nio-8080-exec-3] c.b.e.c.EmployeePayrollController        : Employee DTO:EmployeePayrollDTO(name=Navtjkkl, salary=99922222222, gender=male, startDate=2019-07-29, note=All, profilePic=../assets/profile-images/Ellipse -3.png, departments=[shyjjhs, es])
2022-07-31 11:43:59.145 DEBUG 8936 --- [http-nio-8080-exec-10] c.b.e.c.EmployeePayrollController        : Employee DTO:EmployeePayrollDTO(name=Kumar, salary=456874564, gender=female, startDate=2019-07-19, note=All in one data, profilePic=../assets/profile-images/Ellipse -3.png, departments=[hs, eiiiiiiiiis])
2022-07-31 11:43:59.594 DEBUG 8936 --- [http-nio-8080-exec-2] c.b.e.c.EmployeePayrollController        : Employee DTO:EmployeePayrollDTO(name=Kumar, salary=456874564, gender=female, startDate=2019-07-19, note=All in one data, profilePic=../assets/profile-images/Ellipse -3.png, departments=[hs, eiiiiiiiiis])
2022-07-31 11:44:00.047 DEBUG 8936 --- [http-nio-8080-exec-1] c.b.e.c.EmployeePayrollController        : Employee DTO:EmployeePayrollDTO(name=Kumar, salary=456874564, gender=female, startDate=2019-07-19, note=All in one data, profilePic=../assets/profile-images/Ellipse -3.png, departments=[hs, eiiiiiiiiis])
2022-07-31 11:44:00.953 DEBUG 8936 --- [http-nio-8080-exec-3] c.b.e.c.EmployeePayrollController        : Employee DTO:EmployeePayrollDTO(name=Kumar, salary=456874564, gender=female, startDate=2019-07-19, note=All in one data, profilePic=../assets/profile-images/Ellipse -3.png, departments=[hs, eiiiiiiiiis])
2022-07-31 11:44:01.497 DEBUG 8936 --- [http-nio-8080-exec-4] c.b.e.c.EmployeePayrollController        : Employee DTO:EmployeePayrollDTO(name=Kumar, salary=456874564, gender=female, startDate=2019-07-19, note=All in one data, profilePic=../assets/profile-images/Ellipse -3.png, departments=[hs, eiiiiiiiiis])
2022-07-31 11:44:01.952 DEBUG 8936 --- [http-nio-8080-exec-5] c.b.e.c.EmployeePayrollController        : Employee DTO:EmployeePayrollDTO(name=Kumar, salary=456874564, gender=female, startDate=2019-07-19, note=All in one data, profilePic=../assets/profile-images/Ellipse -3.png, departments=[hs, eiiiiiiiiis])
2022-07-31 11:44:02.623 DEBUG 8936 --- [http-nio-8080-exec-6] c.b.e.c.EmployeePayrollController        : Employee DTO:EmployeePayrollDTO(name=Kumar, salary=456874564, gender=female, startDate=2019-07-19, note=All in one data, profilePic=../assets/profile-images/Ellipse -3.png, departments=[hs, eiiiiiiiiis])
2022-07-31 11:44:03.086 DEBUG 8936 --- [http-nio-8080-exec-7] c.b.e.c.EmployeePayrollController        : Employee DTO:EmployeePayrollDTO(name=Kumar, salary=456874564, gender=female, startDate=2019-07-19, note=All in one data, profilePic=../assets/profile-images/Ellipse -3.png, departments=[hs, eiiiiiiiiis])
2022-07-31 11:44:03.532 DEBUG 8936 --- [http-nio-8080-exec-8] c.b.e.c.EmployeePayrollController        : Employee DTO:EmployeePayrollDTO(name=Kumar, salary=456874564, gender=female, startDate=2019-07-19, note=All in one data, profilePic=../assets/profile-images/Ellipse -3.png, departments=[hs, eiiiiiiiiis])
2022-07-31 11:44:03.984 DEBUG 8936 --- [http-nio-8080-exec-9] c.b.e.c.EmployeePayrollController        : Employee DTO:EmployeePayrollDTO(name=Kumar, salary=456874564, gender=female, startDate=2019-07-19, note=All in one data, profilePic=../assets/profile-images/Ellipse -3.png, departments=[hs, eiiiiiiiiis])
2022-07-31 11:44:04.516 DEBUG 8936 --- [http-nio-8080-exec-10] c.b.e.c.EmployeePayrollController        : Employee DTO:EmployeePayrollDTO(name=Kumar, salary=456874564, gender=female, startDate=2019-07-19, note=All in one data, profilePic=../assets/profile-images/Ellipse -3.png, departments=[hs, eiiiiiiiiis])
2022-07-31 11:44:04.959 DEBUG 8936 --- [http-nio-8080-exec-2] c.b.e.c.EmployeePayrollController        : Employee DTO:EmployeePayrollDTO(name=Kumar, salary=456874564, gender=female, startDate=2019-07-19, note=All in one data, profilePic=../assets/profile-images/Ellipse -3.png, departments=[hs, eiiiiiiiiis])
